INFO  Start processing
INFO  Hexo is running at http://localhost:4000 . Press Ctrl+C to stop.
(node:6548) [DEP0066] DeprecationWarning: OutgoingMessage.prototype._headers is deprecated
Unhandled rejection Template render error: (unknown path)
  unexpected end of file
    at Object._prettifyError (/home/ubuntu/linhaishen.github.io/node_modules/nunjucks/src/lib.js:36:11)
    at Template.render (/home/ubuntu/linhaishen.github.io/node_modules/nunjucks/src/environment.js:542:21)
    at Environment.renderString (/home/ubuntu/linhaishen.github.io/node_modules/nunjucks/src/environment.js:380:17)
    at /home/ubuntu/linhaishen.github.io/node_modules/hexo/lib/extend/tag.js:120:48
    at tryCatcher (/home/ubuntu/linhaishen.github.io/node_modules/bluebird/js/release/util.js:16:23)
    at Function.Promise.fromNode.Promise.fromCallback (/home/ubuntu/linhaishen.github.io/node_modules/bluebird/js/release/promise.js:209:30)
    at Tag.render (/home/ubuntu/linhaishen.github.io/node_modules/hexo/lib/extend/tag.js:120:18)
    at Object.onRenderEnd (/home/ubuntu/linhaishen.github.io/node_modules/hexo/lib/hexo/post.js:291:22)
    at /home/ubuntu/linhaishen.github.io/node_modules/hexo/lib/hexo/render.js:79:21
    at tryCatcher (/home/ubuntu/linhaishen.github.io/node_modules/bluebird/js/release/util.js:16:23)
    at Promise._settlePromiseFromHandler (/home/ubuntu/linhaishen.github.io/node_modules/bluebird/js/release/promise.js:547:31)
    at Promise._settlePromise (/home/ubuntu/linhaishen.github.io/node_modules/bluebird/js/release/promise.js:604:18)
    at Promise._settlePromise0 (/home/ubuntu/linhaishen.github.io/node_modules/bluebird/js/release/promise.js:649:10)
    at Promise._settlePromises (/home/ubuntu/linhaishen.github.io/node_modules/bluebird/js/release/promise.js:729:18)
    at _drainQueueStep (/home/ubuntu/linhaishen.github.io/node_modules/bluebird/js/release/async.js:93:12)
    at _drainQueue (/home/ubuntu/linhaishen.github.io/node_modules/bluebird/js/release/async.js:86:9)
    at Async._drainQueues (/home/ubuntu/linhaishen.github.io/node_modules/bluebird/js/release/async.js:102:5)
    at Immediate.Async.drainQueues (/home/ubuntu/linhaishen.github.io/node_modules/bluebird/js/release/async.js:15:14)
    at processImmediate (internal/timers.js:456:21)
Unhandled rejection Template render error: (unknown path)
  unexpected end of file
    at Object._prettifyError (/home/ubuntu/linhaishen.github.io/node_modules/nunjucks/src/lib.js:36:11)
    at Template.render (/home/ubuntu/linhaishen.github.io/node_modules/nunjucks/src/environment.js:542:21)
    at Environment.renderString (/home/ubuntu/linhaishen.github.io/node_modules/nunjucks/src/environment.js:380:17)
    at /home/ubuntu/linhaishen.github.io/node_modules/hexo/lib/extend/tag.js:120:48
    at tryCatcher (/home/ubuntu/linhaishen.github.io/node_modules/bluebird/js/release/util.js:16:23)
    at Function.Promise.fromNode.Promise.fromCallback (/home/ubuntu/linhaishen.github.io/node_modules/bluebird/js/release/promise.js:209:30)
    at Tag.render (/home/ubuntu/linhaishen.github.io/node_modules/hexo/lib/extend/tag.js:120:18)
    at Object.onRenderEnd (/home/ubuntu/linhaishen.github.io/node_modules/hexo/lib/hexo/post.js:291:22)
    at /home/ubuntu/linhaishen.github.io/node_modules/hexo/lib/hexo/render.js:79:21
    at tryCatcher (/home/ubuntu/linhaishen.github.io/node_modules/bluebird/js/release/util.js:16:23)
    at Promise._settlePromiseFromHandler (/home/ubuntu/linhaishen.github.io/node_modules/bluebird/js/release/promise.js:547:31)
    at Promise._settlePromise (/home/ubuntu/linhaishen.github.io/node_modules/bluebird/js/release/promise.js:604:18)
    at Promise._settlePromise0 (/home/ubuntu/linhaishen.github.io/node_modules/bluebird/js/release/promise.js:649:10)
    at Promise._settlePromises (/home/ubuntu/linhaishen.github.io/node_modules/bluebird/js/release/promise.js:729:18)
    at _drainQueueStep (/home/ubuntu/linhaishen.github.io/node_modules/bluebird/js/release/async.js:93:12)
    at _drainQueue (/home/ubuntu/linhaishen.github.io/node_modules/bluebird/js/release/async.js:86:9)
    at Async._drainQueues (/home/ubuntu/linhaishen.github.io/node_modules/bluebird/js/release/async.js:102:5)
    at Immediate.Async.drainQueues (/home/ubuntu/linhaishen.github.io/node_modules/bluebird/js/release/async.js:15:14)
    at processImmediate (internal/timers.js:456:21)
Unhandled rejection Template render error: (unknown path)
  unexpected end of file
    at Object._prettifyError (/home/ubuntu/linhaishen.github.io/node_modules/nunjucks/src/lib.js:36:11)
    at Template.render (/home/ubuntu/linhaishen.github.io/node_modules/nunjucks/src/environment.js:542:21)
    at Environment.renderString (/home/ubuntu/linhaishen.github.io/node_modules/nunjucks/src/environment.js:380:17)
    at /home/ubuntu/linhaishen.github.io/node_modules/hexo/lib/extend/tag.js:120:48
    at tryCatcher (/home/ubuntu/linhaishen.github.io/node_modules/bluebird/js/release/util.js:16:23)
    at Function.Promise.fromNode.Promise.fromCallback (/home/ubuntu/linhaishen.github.io/node_modules/bluebird/js/release/promise.js:209:30)
    at Tag.render (/home/ubuntu/linhaishen.github.io/node_modules/hexo/lib/extend/tag.js:120:18)
    at Object.onRenderEnd (/home/ubuntu/linhaishen.github.io/node_modules/hexo/lib/hexo/post.js:291:22)
    at /home/ubuntu/linhaishen.github.io/node_modules/hexo/lib/hexo/render.js:79:21
    at tryCatcher (/home/ubuntu/linhaishen.github.io/node_modules/bluebird/js/release/util.js:16:23)
    at Promise._settlePromiseFromHandler (/home/ubuntu/linhaishen.github.io/node_modules/bluebird/js/release/promise.js:547:31)
    at Promise._settlePromise (/home/ubuntu/linhaishen.github.io/node_modules/bluebird/js/release/promise.js:604:18)
    at Promise._settlePromise0 (/home/ubuntu/linhaishen.github.io/node_modules/bluebird/js/release/promise.js:649:10)
    at Promise._settlePromises (/home/ubuntu/linhaishen.github.io/node_modules/bluebird/js/release/promise.js:729:18)
    at _drainQueueStep (/home/ubuntu/linhaishen.github.io/node_modules/bluebird/js/release/async.js:93:12)
    at _drainQueue (/home/ubuntu/linhaishen.github.io/node_modules/bluebird/js/release/async.js:86:9)
    at Async._drainQueues (/home/ubuntu/linhaishen.github.io/node_modules/bluebird/js/release/async.js:102:5)
    at Immediate.Async.drainQueues (/home/ubuntu/linhaishen.github.io/node_modules/bluebird/js/release/async.js:15:14)
    at processImmediate (internal/timers.js:456:21)
Unhandled rejection Template render error: (unknown path)
  unexpected end of file
    at Object._prettifyError (/home/ubuntu/linhaishen.github.io/node_modules/nunjucks/src/lib.js:36:11)
    at Template.render (/home/ubuntu/linhaishen.github.io/node_modules/nunjucks/src/environment.js:542:21)
    at Environment.renderString (/home/ubuntu/linhaishen.github.io/node_modules/nunjucks/src/environment.js:380:17)
    at /home/ubuntu/linhaishen.github.io/node_modules/hexo/lib/extend/tag.js:120:48
    at tryCatcher (/home/ubuntu/linhaishen.github.io/node_modules/bluebird/js/release/util.js:16:23)
    at Function.Promise.fromNode.Promise.fromCallback (/home/ubuntu/linhaishen.github.io/node_modules/bluebird/js/release/promise.js:209:30)
    at Tag.render (/home/ubuntu/linhaishen.github.io/node_modules/hexo/lib/extend/tag.js:120:18)
    at Object.onRenderEnd (/home/ubuntu/linhaishen.github.io/node_modules/hexo/lib/hexo/post.js:291:22)
    at /home/ubuntu/linhaishen.github.io/node_modules/hexo/lib/hexo/render.js:79:21
    at tryCatcher (/home/ubuntu/linhaishen.github.io/node_modules/bluebird/js/release/util.js:16:23)
    at Promise._settlePromiseFromHandler (/home/ubuntu/linhaishen.github.io/node_modules/bluebird/js/release/promise.js:547:31)
    at Promise._settlePromise (/home/ubuntu/linhaishen.github.io/node_modules/bluebird/js/release/promise.js:604:18)
    at Promise._settlePromise0 (/home/ubuntu/linhaishen.github.io/node_modules/bluebird/js/release/promise.js:649:10)
    at Promise._settlePromises (/home/ubuntu/linhaishen.github.io/node_modules/bluebird/js/release/promise.js:729:18)
    at _drainQueueStep (/home/ubuntu/linhaishen.github.io/node_modules/bluebird/js/release/async.js:93:12)
    at _drainQueue (/home/ubuntu/linhaishen.github.io/node_modules/bluebird/js/release/async.js:86:9)
    at Async._drainQueues (/home/ubuntu/linhaishen.github.io/node_modules/bluebird/js/release/async.js:102:5)
    at Immediate.Async.drainQueues (/home/ubuntu/linhaishen.github.io/node_modules/bluebird/js/release/async.js:15:14)
    at processImmediate (internal/timers.js:456:21)
Unhandled rejection Template render error: (unknown path)
  unexpected end of file
    at Object._prettifyError (/home/ubuntu/linhaishen.github.io/node_modules/nunjucks/src/lib.js:36:11)
    at Template.render (/home/ubuntu/linhaishen.github.io/node_modules/nunjucks/src/environment.js:542:21)
    at Environment.renderString (/home/ubuntu/linhaishen.github.io/node_modules/nunjucks/src/environment.js:380:17)
    at /home/ubuntu/linhaishen.github.io/node_modules/hexo/lib/extend/tag.js:120:48
    at tryCatcher (/home/ubuntu/linhaishen.github.io/node_modules/bluebird/js/release/util.js:16:23)
    at Function.Promise.fromNode.Promise.fromCallback (/home/ubuntu/linhaishen.github.io/node_modules/bluebird/js/release/promise.js:209:30)
    at Tag.render (/home/ubuntu/linhaishen.github.io/node_modules/hexo/lib/extend/tag.js:120:18)
    at Object.onRenderEnd (/home/ubuntu/linhaishen.github.io/node_modules/hexo/lib/hexo/post.js:291:22)
    at /home/ubuntu/linhaishen.github.io/node_modules/hexo/lib/hexo/render.js:79:21
    at tryCatcher (/home/ubuntu/linhaishen.github.io/node_modules/bluebird/js/release/util.js:16:23)
    at Promise._settlePromiseFromHandler (/home/ubuntu/linhaishen.github.io/node_modules/bluebird/js/release/promise.js:547:31)
    at Promise._settlePromise (/home/ubuntu/linhaishen.github.io/node_modules/bluebird/js/release/promise.js:604:18)
    at Promise._settlePromise0 (/home/ubuntu/linhaishen.github.io/node_modules/bluebird/js/release/promise.js:649:10)
    at Promise._settlePromises (/home/ubuntu/linhaishen.github.io/node_modules/bluebird/js/release/promise.js:729:18)
    at _drainQueueStep (/home/ubuntu/linhaishen.github.io/node_modules/bluebird/js/release/async.js:93:12)
    at _drainQueue (/home/ubuntu/linhaishen.github.io/node_modules/bluebird/js/release/async.js:86:9)
    at Async._drainQueues (/home/ubuntu/linhaishen.github.io/node_modules/bluebird/js/release/async.js:102:5)
    at Immediate.Async.drainQueues (/home/ubuntu/linhaishen.github.io/node_modules/bluebird/js/release/async.js:15:14)
    at processImmediate (internal/timers.js:456:21)
Unhandled rejection Template render error: (unknown path)
  unexpected end of file
    at Object._prettifyError (/home/ubuntu/linhaishen.github.io/node_modules/nunjucks/src/lib.js:36:11)
    at Template.render (/home/ubuntu/linhaishen.github.io/node_modules/nunjucks/src/environment.js:542:21)
    at Environment.renderString (/home/ubuntu/linhaishen.github.io/node_modules/nunjucks/src/environment.js:380:17)
    at /home/ubuntu/linhaishen.github.io/node_modules/hexo/lib/extend/tag.js:120:48
    at tryCatcher (/home/ubuntu/linhaishen.github.io/node_modules/bluebird/js/release/util.js:16:23)
    at Function.Promise.fromNode.Promise.fromCallback (/home/ubuntu/linhaishen.github.io/node_modules/bluebird/js/release/promise.js:209:30)
    at Tag.render (/home/ubuntu/linhaishen.github.io/node_modules/hexo/lib/extend/tag.js:120:18)
    at Object.onRenderEnd (/home/ubuntu/linhaishen.github.io/node_modules/hexo/lib/hexo/post.js:291:22)
    at /home/ubuntu/linhaishen.github.io/node_modules/hexo/lib/hexo/render.js:79:21
    at tryCatcher (/home/ubuntu/linhaishen.github.io/node_modules/bluebird/js/release/util.js:16:23)
    at Promise._settlePromiseFromHandler (/home/ubuntu/linhaishen.github.io/node_modules/bluebird/js/release/promise.js:547:31)
    at Promise._settlePromise (/home/ubuntu/linhaishen.github.io/node_modules/bluebird/js/release/promise.js:604:18)
    at Promise._settlePromise0 (/home/ubuntu/linhaishen.github.io/node_modules/bluebird/js/release/promise.js:649:10)
    at Promise._settlePromises (/home/ubuntu/linhaishen.github.io/node_modules/bluebird/js/release/promise.js:729:18)
    at _drainQueueStep (/home/ubuntu/linhaishen.github.io/node_modules/bluebird/js/release/async.js:93:12)
    at _drainQueue (/home/ubuntu/linhaishen.github.io/node_modules/bluebird/js/release/async.js:86:9)
    at Async._drainQueues (/home/ubuntu/linhaishen.github.io/node_modules/bluebird/js/release/async.js:102:5)
    at Immediate.Async.drainQueues (/home/ubuntu/linhaishen.github.io/node_modules/bluebird/js/release/async.js:15:14)
    at processImmediate (internal/timers.js:456:21)
Unhandled rejection Template render error: (unknown path)
  unexpected end of file
    at Object._prettifyError (/home/ubuntu/linhaishen.github.io/node_modules/nunjucks/src/lib.js:36:11)
    at Template.render (/home/ubuntu/linhaishen.github.io/node_modules/nunjucks/src/environment.js:542:21)
    at Environment.renderString (/home/ubuntu/linhaishen.github.io/node_modules/nunjucks/src/environment.js:380:17)
    at /home/ubuntu/linhaishen.github.io/node_modules/hexo/lib/extend/tag.js:120:48
    at tryCatcher (/home/ubuntu/linhaishen.github.io/node_modules/bluebird/js/release/util.js:16:23)
    at Function.Promise.fromNode.Promise.fromCallback (/home/ubuntu/linhaishen.github.io/node_modules/bluebird/js/release/promise.js:209:30)
    at Tag.render (/home/ubuntu/linhaishen.github.io/node_modules/hexo/lib/extend/tag.js:120:18)
    at Object.onRenderEnd (/home/ubuntu/linhaishen.github.io/node_modules/hexo/lib/hexo/post.js:291:22)
    at /home/ubuntu/linhaishen.github.io/node_modules/hexo/lib/hexo/render.js:79:21
    at tryCatcher (/home/ubuntu/linhaishen.github.io/node_modules/bluebird/js/release/util.js:16:23)
    at Promise._settlePromiseFromHandler (/home/ubuntu/linhaishen.github.io/node_modules/bluebird/js/release/promise.js:547:31)
    at Promise._settlePromise (/home/ubuntu/linhaishen.github.io/node_modules/bluebird/js/release/promise.js:604:18)
    at Promise._settlePromise0 (/home/ubuntu/linhaishen.github.io/node_modules/bluebird/js/release/promise.js:649:10)
    at Promise._settlePromises (/home/ubuntu/linhaishen.github.io/node_modules/bluebird/js/release/promise.js:729:18)
    at _drainQueueStep (/home/ubuntu/linhaishen.github.io/node_modules/bluebird/js/release/async.js:93:12)
    at _drainQueue (/home/ubuntu/linhaishen.github.io/node_modules/bluebird/js/release/async.js:86:9)
    at Async._drainQueues (/home/ubuntu/linhaishen.github.io/node_modules/bluebird/js/release/async.js:102:5)
    at Immediate.Async.drainQueues (/home/ubuntu/linhaishen.github.io/node_modules/bluebird/js/release/async.js:15:14)
    at processImmediate (internal/timers.js:456:21)
Unhandled rejection Template render error: (unknown path)
  unexpected end of file
    at Object._prettifyError (/home/ubuntu/linhaishen.github.io/node_modules/nunjucks/src/lib.js:36:11)
    at Template.render (/home/ubuntu/linhaishen.github.io/node_modules/nunjucks/src/environment.js:542:21)
    at Environment.renderString (/home/ubuntu/linhaishen.github.io/node_modules/nunjucks/src/environment.js:380:17)
    at /home/ubuntu/linhaishen.github.io/node_modules/hexo/lib/extend/tag.js:120:48
    at tryCatcher (/home/ubuntu/linhaishen.github.io/node_modules/bluebird/js/release/util.js:16:23)
    at Function.Promise.fromNode.Promise.fromCallback (/home/ubuntu/linhaishen.github.io/node_modules/bluebird/js/release/promise.js:209:30)
    at Tag.render (/home/ubuntu/linhaishen.github.io/node_modules/hexo/lib/extend/tag.js:120:18)
    at Object.onRenderEnd (/home/ubuntu/linhaishen.github.io/node_modules/hexo/lib/hexo/post.js:291:22)
    at /home/ubuntu/linhaishen.github.io/node_modules/hexo/lib/hexo/render.js:79:21
    at tryCatcher (/home/ubuntu/linhaishen.github.io/node_modules/bluebird/js/release/util.js:16:23)
    at Promise._settlePromiseFromHandler (/home/ubuntu/linhaishen.github.io/node_modules/bluebird/js/release/promise.js:547:31)
    at Promise._settlePromise (/home/ubuntu/linhaishen.github.io/node_modules/bluebird/js/release/promise.js:604:18)
    at Promise._settlePromise0 (/home/ubuntu/linhaishen.github.io/node_modules/bluebird/js/release/promise.js:649:10)
    at Promise._settlePromises (/home/ubuntu/linhaishen.github.io/node_modules/bluebird/js/release/promise.js:729:18)
    at _drainQueueStep (/home/ubuntu/linhaishen.github.io/node_modules/bluebird/js/release/async.js:93:12)
    at _drainQueue (/home/ubuntu/linhaishen.github.io/node_modules/bluebird/js/release/async.js:86:9)
    at Async._drainQueues (/home/ubuntu/linhaishen.github.io/node_modules/bluebird/js/release/async.js:102:5)
    at Immediate.Async.drainQueues (/home/ubuntu/linhaishen.github.io/node_modules/bluebird/js/release/async.js:15:14)
    at processImmediate (internal/timers.js:456:21)
Unhandled rejection Template render error: (unknown path)
  unexpected end of file
    at Object._prettifyError (/home/ubuntu/linhaishen.github.io/node_modules/nunjucks/src/lib.js:36:11)
    at Template.render (/home/ubuntu/linhaishen.github.io/node_modules/nunjucks/src/environment.js:542:21)
    at Environment.renderString (/home/ubuntu/linhaishen.github.io/node_modules/nunjucks/src/environment.js:380:17)
    at /home/ubuntu/linhaishen.github.io/node_modules/hexo/lib/extend/tag.js:120:48
    at tryCatcher (/home/ubuntu/linhaishen.github.io/node_modules/bluebird/js/release/util.js:16:23)
    at Function.Promise.fromNode.Promise.fromCallback (/home/ubuntu/linhaishen.github.io/node_modules/bluebird/js/release/promise.js:209:30)
    at Tag.render (/home/ubuntu/linhaishen.github.io/node_modules/hexo/lib/extend/tag.js:120:18)
    at Object.onRenderEnd (/home/ubuntu/linhaishen.github.io/node_modules/hexo/lib/hexo/post.js:291:22)
    at /home/ubuntu/linhaishen.github.io/node_modules/hexo/lib/hexo/render.js:79:21
    at tryCatcher (/home/ubuntu/linhaishen.github.io/node_modules/bluebird/js/release/util.js:16:23)
    at Promise._settlePromiseFromHandler (/home/ubuntu/linhaishen.github.io/node_modules/bluebird/js/release/promise.js:547:31)
    at Promise._settlePromise (/home/ubuntu/linhaishen.github.io/node_modules/bluebird/js/release/promise.js:604:18)
    at Promise._settlePromise0 (/home/ubuntu/linhaishen.github.io/node_modules/bluebird/js/release/promise.js:649:10)
    at Promise._settlePromises (/home/ubuntu/linhaishen.github.io/node_modules/bluebird/js/release/promise.js:729:18)
    at _drainQueueStep (/home/ubuntu/linhaishen.github.io/node_modules/bluebird/js/release/async.js:93:12)
    at _drainQueue (/home/ubuntu/linhaishen.github.io/node_modules/bluebird/js/release/async.js:86:9)
    at Async._drainQueues (/home/ubuntu/linhaishen.github.io/node_modules/bluebird/js/release/async.js:102:5)
    at Immediate.Async.drainQueues (/home/ubuntu/linhaishen.github.io/node_modules/bluebird/js/release/async.js:15:14)
    at processImmediate (internal/timers.js:456:21)
Unhandled rejection Template render error: (unknown path)
  unexpected end of file
    at Object._prettifyError (/home/ubuntu/linhaishen.github.io/node_modules/nunjucks/src/lib.js:36:11)
    at Template.render (/home/ubuntu/linhaishen.github.io/node_modules/nunjucks/src/environment.js:542:21)
    at Environment.renderString (/home/ubuntu/linhaishen.github.io/node_modules/nunjucks/src/environment.js:380:17)
    at /home/ubuntu/linhaishen.github.io/node_modules/hexo/lib/extend/tag.js:120:48
    at tryCatcher (/home/ubuntu/linhaishen.github.io/node_modules/bluebird/js/release/util.js:16:23)
    at Function.Promise.fromNode.Promise.fromCallback (/home/ubuntu/linhaishen.github.io/node_modules/bluebird/js/release/promise.js:209:30)
    at Tag.render (/home/ubuntu/linhaishen.github.io/node_modules/hexo/lib/extend/tag.js:120:18)
    at Object.onRenderEnd (/home/ubuntu/linhaishen.github.io/node_modules/hexo/lib/hexo/post.js:291:22)
    at /home/ubuntu/linhaishen.github.io/node_modules/hexo/lib/hexo/render.js:79:21
    at tryCatcher (/home/ubuntu/linhaishen.github.io/node_modules/bluebird/js/release/util.js:16:23)
    at Promise._settlePromiseFromHandler (/home/ubuntu/linhaishen.github.io/node_modules/bluebird/js/release/promise.js:547:31)
    at Promise._settlePromise (/home/ubuntu/linhaishen.github.io/node_modules/bluebird/js/release/promise.js:604:18)
    at Promise._settlePromise0 (/home/ubuntu/linhaishen.github.io/node_modules/bluebird/js/release/promise.js:649:10)
    at Promise._settlePromises (/home/ubuntu/linhaishen.github.io/node_modules/bluebird/js/release/promise.js:729:18)
    at _drainQueueStep (/home/ubuntu/linhaishen.github.io/node_modules/bluebird/js/release/async.js:93:12)
    at _drainQueue (/home/ubuntu/linhaishen.github.io/node_modules/bluebird/js/release/async.js:86:9)
    at Async._drainQueues (/home/ubuntu/linhaishen.github.io/node_modules/bluebird/js/release/async.js:102:5)
    at Immediate.Async.drainQueues (/home/ubuntu/linhaishen.github.io/node_modules/bluebird/js/release/async.js:15:14)
    at processImmediate (internal/timers.js:456:21)
Unhandled rejection Template render error: (unknown path)
  unexpected end of file
    at Object._prettifyError (/home/ubuntu/linhaishen.github.io/node_modules/nunjucks/src/lib.js:36:11)
    at Template.render (/home/ubuntu/linhaishen.github.io/node_modules/nunjucks/src/environment.js:542:21)
    at Environment.renderString (/home/ubuntu/linhaishen.github.io/node_modules/nunjucks/src/environment.js:380:17)
    at /home/ubuntu/linhaishen.github.io/node_modules/hexo/lib/extend/tag.js:120:48
    at tryCatcher (/home/ubuntu/linhaishen.github.io/node_modules/bluebird/js/release/util.js:16:23)
    at Function.Promise.fromNode.Promise.fromCallback (/home/ubuntu/linhaishen.github.io/node_modules/bluebird/js/release/promise.js:209:30)
    at Tag.render (/home/ubuntu/linhaishen.github.io/node_modules/hexo/lib/extend/tag.js:120:18)
    at Object.onRenderEnd (/home/ubuntu/linhaishen.github.io/node_modules/hexo/lib/hexo/post.js:291:22)
    at /home/ubuntu/linhaishen.github.io/node_modules/hexo/lib/hexo/render.js:79:21
    at tryCatcher (/home/ubuntu/linhaishen.github.io/node_modules/bluebird/js/release/util.js:16:23)
    at Promise._settlePromiseFromHandler (/home/ubuntu/linhaishen.github.io/node_modules/bluebird/js/release/promise.js:547:31)
    at Promise._settlePromise (/home/ubuntu/linhaishen.github.io/node_modules/bluebird/js/release/promise.js:604:18)
    at Promise._settlePromise0 (/home/ubuntu/linhaishen.github.io/node_modules/bluebird/js/release/promise.js:649:10)
    at Promise._settlePromises (/home/ubuntu/linhaishen.github.io/node_modules/bluebird/js/release/promise.js:729:18)
    at _drainQueueStep (/home/ubuntu/linhaishen.github.io/node_modules/bluebird/js/release/async.js:93:12)
    at _drainQueue (/home/ubuntu/linhaishen.github.io/node_modules/bluebird/js/release/async.js:86:9)
    at Async._drainQueues (/home/ubuntu/linhaishen.github.io/node_modules/bluebird/js/release/async.js:102:5)
    at Immediate.Async.drainQueues (/home/ubuntu/linhaishen.github.io/node_modules/bluebird/js/release/async.js:15:14)
    at processImmediate (internal/timers.js:456:21)
Unhandled rejection Nunjucks Error:  [Line 10, Column 19] tag name expected
    =====               Context Dump               =====
    === (line number probably different from source) ===
  5 | 
  6 | </li>
  7 | </ol>
  8 | <p>Reference from:</p>
  9 | {% blockquote runoob.com https://www.runoob.com/sqlite/sqlite-installation.html %}
  10 | <p>SQLite 安装<br>{%</p>
  11 | 
    =====             Context Dump Ends            =====
    at formatNunjucksError (/home/ubuntu/linhaishen.github.io/node_modules/hexo/lib/extend/tag.js:99:13)
    at /home/ubuntu/linhaishen.github.io/node_modules/hexo/lib/extend/tag.js:121:34
    at tryCatcher (/home/ubuntu/linhaishen.github.io/node_modules/bluebird/js/release/util.js:16:23)
    at Promise._settlePromiseFromHandler (/home/ubuntu/linhaishen.github.io/node_modules/bluebird/js/release/promise.js:547:31)
    at Promise._settlePromise (/home/ubuntu/linhaishen.github.io/node_modules/bluebird/js/release/promise.js:604:18)
    at Promise._settlePromise0 (/home/ubuntu/linhaishen.github.io/node_modules/bluebird/js/release/promise.js:649:10)
    at Promise._settlePromises (/home/ubuntu/linhaishen.github.io/node_modules/bluebird/js/release/promise.js:725:18)
    at _drainQueueStep (/home/ubuntu/linhaishen.github.io/node_modules/bluebird/js/release/async.js:93:12)
    at _drainQueue (/home/ubuntu/linhaishen.github.io/node_modules/bluebird/js/release/async.js:86:9)
    at Async._drainQueues (/home/ubuntu/linhaishen.github.io/node_modules/bluebird/js/release/async.js:102:5)
    at Immediate.Async.drainQueues [as _onImmediate] (/home/ubuntu/linhaishen.github.io/node_modules/bluebird/js/release/async.js:15:14)
    at processImmediate (internal/timers.js:456:21)
Unhandled rejection Nunjucks Error:  [Line 10, Column 20] tag name expected
    =====               Context Dump               =====
    === (line number probably different from source) ===
  5 | 
  6 | </li>
  7 | </ol>
  8 | <p>Reference from:</p>
  9 | {% blockquote runoob.com https://www.runoob.com/sqlite/sqlite-installation.html %}
  10 | <p>SQLite 安装<br>{% </p>
  11 | 
    =====             Context Dump Ends            =====
    at formatNunjucksError (/home/ubuntu/linhaishen.github.io/node_modules/hexo/lib/extend/tag.js:99:13)
    at /home/ubuntu/linhaishen.github.io/node_modules/hexo/lib/extend/tag.js:121:34
    at tryCatcher (/home/ubuntu/linhaishen.github.io/node_modules/bluebird/js/release/util.js:16:23)
    at Promise._settlePromiseFromHandler (/home/ubuntu/linhaishen.github.io/node_modules/bluebird/js/release/promise.js:547:31)
    at Promise._settlePromise (/home/ubuntu/linhaishen.github.io/node_modules/bluebird/js/release/promise.js:604:18)
    at Promise._settlePromise0 (/home/ubuntu/linhaishen.github.io/node_modules/bluebird/js/release/promise.js:649:10)
    at Promise._settlePromises (/home/ubuntu/linhaishen.github.io/node_modules/bluebird/js/release/promise.js:725:18)
    at _drainQueueStep (/home/ubuntu/linhaishen.github.io/node_modules/bluebird/js/release/async.js:93:12)
    at _drainQueue (/home/ubuntu/linhaishen.github.io/node_modules/bluebird/js/release/async.js:86:9)
    at Async._drainQueues (/home/ubuntu/linhaishen.github.io/node_modules/bluebird/js/release/async.js:102:5)
    at Immediate.Async.drainQueues [as _onImmediate] (/home/ubuntu/linhaishen.github.io/node_modules/bluebird/js/release/async.js:15:14)
    at processImmediate (internal/timers.js:456:21)
res null {
  stdout: 'INFO  Deleted database.\n' +
    'INFO  Deleted public folder.\n' +
    'INFO  Start processing\n' +
    'INFO  Files loaded in 351 ms\n' +
    'INFO  Generated: search.xml\n' +
    'INFO  Generated: index.html\n' +
    'INFO  Generated: tags/index.html\n' +
    'INFO  Generated: resume/index.html\n' +
    'INFO  Generated: archives/index.html\n' +
    'INFO  Generated: js/script.js\n' +
    'INFO  Generated: css/style.css\n' +
    'INFO  Generated: fancybox/jquery.fancybox.min.js\n' +
    'INFO  Generated: fancybox/jquery.fancybox.min.css\n' +
    'INFO  Generated: categories/linux/index.html\n' +
    'INFO  Generated: tags/config/index.html\n' +
    'INFO  Generated: tags/outlook-com/index.html\n' +
    'INFO  Generated: tags/redmine/index.html\n' +
    'INFO  Generated: tags/smtp/index.html\n' +
    'INFO  Generated: tags/compile/index.html\n' +
    'INFO  Generated: tags/build/index.html\n' +
    'INFO  Generated: tags/sqlite/index.html\n' +
    'INFO  Generated: tags/ubuntu/index.html\n' +
    'INFO  Generated: js/jquery-3.4.1.min.js\n' +
    'INFO  Generated: tags/build-essential/index.html\n' +
    'INFO  Generated: archives/2020/index.html\n' +
    'INFO  Generated: tags/branch/index.html\n' +
    'INFO  Generated: tags/make/index.html\n' +
    'INFO  Generated: tags/hexo/index.html\n' +
    'INFO  Generated: css/fonts/fontawesome-webfont.woff2\n' +
    'INFO  Generated: archives/2020/03/index.html\n' +
    'INFO  Generated: tags/git/index.html\n' +
    'INFO  Generated: tags/install/index.html\n' +
    'INFO  Generated: css/images/banner.jpg\n' +
    'INFO  Generated: css/fonts/FontAwesome.otf\n' +
    'INFO  Generated: css/fonts/fontawesome-webfont.eot\n' +
    'INFO  Generated: css/fonts/fontawesome-webfont.woff\n' +
    'INFO  Generated: css/fonts/fontawesome-webfont.ttf\n' +
    'INFO  Generated: 2020/03/08/Synchronize-between-multiple-hexo-bases/index.html\n' +
    'INFO  Generated: css/fonts/fontawesome-webfont.svg\n' +
    'INFO  Generated: 2020/03/13/Install-sqlite3-on-ubuntu-by-compiling-from-source-code/index.html\n' +
    'INFO  Generated: 2020/03/09/Config-redmine-email-smtp-with-outlook-com-mail-service/index.html\n' +
    'INFO  37 files generated in 889 ms\n' +
    'INFO  Deploying: git\n' +
    'INFO  Clearing .deploy_git folder...\n' +
    'INFO  Copying files from public folder...\n' +
    'INFO  Copying files from extend dirs...\n' +
    '[master 3a2bad0] Site updated: 2020-03-13 12:05:26\n' +
    ' 25 files changed, 2261 insertions(+), 21 deletions(-)\n' +
    ' create mode 100644 2020/03/13/Install-sqlite3-on-ubuntu-by-compiling-from-source-code/index.html\n' +
    ' create mode 100644 categories/linux/index.html\n' +
    ' create mode 100644 tags/build-essential/index.html\n' +
    ' create mode 100644 tags/build/index.html\n' +
    ' create mode 100644 tags/compile/index.html\n' +
    ' create mode 100644 tags/install/index.html\n' +
    ' create mode 100644 tags/make/index.html\n' +
    ' create mode 100644 tags/sqlite/index.html\n' +
    ' create mode 100644 tags/ubuntu/index.html\n' +
    "Branch 'master' set up to track remote branch 'master' from 'git@github.com:LinhaiShen/linhaishen.github.io.git'.\n" +
    'INFO  Deploy done: git\n',
  stderr: 'To github.com:LinhaiShen/linhaishen.github.io.git\n' +
    '   5f0100d..3a2bad0  HEAD -> master\n'
}
res null {
  stdout: 'INFO  Deleted database.\n' +
    'INFO  Deleted public folder.\n' +
    'INFO  Start processing\n' +
    'INFO  Files loaded in 371 ms\n' +
    'INFO  Generated: search.xml\n' +
    'INFO  Generated: index.html\n' +
    'INFO  Generated: tags/index.html\n' +
    'INFO  Generated: resume/index.html\n' +
    'INFO  Generated: archives/index.html\n' +
    'INFO  Generated: js/script.js\n' +
    'INFO  Generated: fancybox/jquery.fancybox.min.css\n' +
    'INFO  Generated: css/style.css\n' +
    'INFO  Generated: fancybox/jquery.fancybox.min.js\n' +
    'INFO  Generated: tags/outlook-com/index.html\n' +
    'INFO  Generated: tags/redmine/index.html\n' +
    'INFO  Generated: tags/ubuntu/index.html\n' +
    'INFO  Generated: tags/sqlite/index.html\n' +
    'INFO  Generated: tags/compile/index.html\n' +
    'INFO  Generated: tags/make/index.html\n' +
    'INFO  Generated: tags/build/index.html\n' +
    'INFO  Generated: js/jquery-3.4.1.min.js\n' +
    'INFO  Generated: archives/2020/index.html\n' +
    'INFO  Generated: tags/config/index.html\n' +
    'INFO  Generated: categories/linux/index.html\n' +
    'INFO  Generated: tags/smtp/index.html\n' +
    'INFO  Generated: tags/build-essential/index.html\n' +
    'INFO  Generated: css/fonts/fontawesome-webfont.woff2\n' +
    'INFO  Generated: tags/hexo/index.html\n' +
    'INFO  Generated: tags/git/index.html\n' +
    'INFO  Generated: tags/branch/index.html\n' +
    'INFO  Generated: archives/2020/03/index.html\n' +
    'INFO  Generated: tags/install/index.html\n' +
    'INFO  Generated: css/fonts/fontawesome-webfont.woff\n' +
    'INFO  Generated: css/fonts/fontawesome-webfont.eot\n' +
    'INFO  Generated: css/images/banner.jpg\n' +
    'INFO  Generated: css/fonts/FontAwesome.otf\n' +
    'INFO  Generated: css/fonts/fontawesome-webfont.ttf\n' +
    'INFO  Generated: css/fonts/fontawesome-webfont.svg\n' +
    'INFO  Generated: 2020/03/13/Install-sqlite3-on-ubuntu-by-compiling-from-source-code/index.html\n' +
    'INFO  Generated: 2020/03/08/Synchronize-between-multiple-hexo-bases/index.html\n' +
    'INFO  Generated: 2020/03/09/Config-redmine-email-smtp-with-outlook-com-mail-service/index.html\n' +
    'INFO  37 files generated in 793 ms\n' +
    'INFO  Deploying: git\n' +
    'INFO  Clearing .deploy_git folder...\n' +
    'INFO  Copying files from public folder...\n' +
    'INFO  Copying files from extend dirs...\n' +
    '[master 6634053] Site updated: 2020-03-13 12:09:01\n' +
    ' 7 files changed, 16 insertions(+), 12 deletions(-)\n' +
    "Branch 'master' set up to track remote branch 'master' from 'git@github.com:LinhaiShen/linhaishen.github.io.git'.\n" +
    'INFO  Deploy done: git\n',
  stderr: 'To github.com:LinhaiShen/linhaishen.github.io.git\n' +
    '   3a2bad0..6634053  HEAD -> master\n'
}
res null {
  stdout: 'INFO  Deleted database.\n' +
    'INFO  Deleted public folder.\n' +
    'INFO  Start processing\n' +
    'INFO  Files loaded in 290 ms\n' +
    'INFO  Generated: search.xml\n' +
    'INFO  Generated: index.html\n' +
    'INFO  Generated: tags/index.html\n' +
    'INFO  Generated: resume/index.html\n' +
    'INFO  Generated: archives/index.html\n' +
    'INFO  Generated: fancybox/jquery.fancybox.min.css\n' +
    'INFO  Generated: js/script.js\n' +
    'INFO  Generated: css/style.css\n' +
    'INFO  Generated: tags/config/index.html\n' +
    'INFO  Generated: js/jquery-3.4.1.min.js\n' +
    'INFO  Generated: fancybox/jquery.fancybox.min.js\n' +
    'INFO  Generated: tags/outlook-com/index.html\n' +
    'INFO  Generated: tags/make/index.html\n' +
    'INFO  Generated: tags/compile/index.html\n' +
    'INFO  Generated: tags/ubuntu/index.html\n' +
    'INFO  Generated: tags/sqlite/index.html\n' +
    'INFO  Generated: tags/build-essential/index.html\n' +
    'INFO  Generated: tags/smtp/index.html\n' +
    'INFO  Generated: categories/linux/index.html\n' +
    'INFO  Generated: archives/2020/index.html\n' +
    'INFO  Generated: tags/redmine/index.html\n' +
    'INFO  Generated: tags/build/index.html\n' +
    'INFO  Generated: tags/hexo/index.html\n' +
    'INFO  Generated: tags/install/index.html\n' +
    'INFO  Generated: css/fonts/fontawesome-webfont.woff2\n' +
    'INFO  Generated: archives/2020/03/index.html\n' +
    'INFO  Generated: tags/git/index.html\n' +
    'INFO  Generated: tags/branch/index.html\n' +
    'INFO  Generated: css/images/banner.jpg\n' +
    'INFO  Generated: css/fonts/fontawesome-webfont.svg\n' +
    'INFO  Generated: css/fonts/fontawesome-webfont.woff\n' +
    'INFO  Generated: css/fonts/FontAwesome.otf\n' +
    'INFO  Generated: css/fonts/fontawesome-webfont.eot\n' +
    'INFO  Generated: css/fonts/fontawesome-webfont.ttf\n' +
    'INFO  Generated: 2020/03/13/Install-sqlite3-on-ubuntu-by-compiling-from-source-code/index.html\n' +
    'INFO  Generated: 2020/03/09/Config-redmine-email-smtp-with-outlook-com-mail-service/index.html\n' +
    'INFO  Generated: 2020/03/08/Synchronize-between-multiple-hexo-bases/index.html\n' +
    'INFO  37 files generated in 771 ms\n' +
    'INFO  Deploying: git\n' +
    'INFO  Clearing .deploy_git folder...\n' +
    'INFO  Copying files from public folder...\n' +
    'INFO  Copying files from extend dirs...\n' +
    '[master b8ef606] Site updated: 2020-03-13 12:10:50\n' +
    ' 7 files changed, 20 insertions(+), 28 deletions(-)\n' +
    "Branch 'master' set up to track remote branch 'master' from 'git@github.com:LinhaiShen/linhaishen.github.io.git'.\n" +
    'INFO  Deploy done: git\n',
  stderr: 'To github.com:LinhaiShen/linhaishen.github.io.git\n' +
    '   6634053..b8ef606  HEAD -> master\n'
}
res null {
  stdout: 'INFO  Deleted database.\n' +
    'INFO  Deleted public folder.\n' +
    'INFO  Start processing\n' +
    'INFO  Files loaded in 384 ms\n' +
    'INFO  Generated: search.xml\n' +
    'INFO  Generated: index.html\n' +
    'INFO  Generated: resume/index.html\n' +
    'INFO  Generated: tags/index.html\n' +
    'INFO  Generated: archives/index.html\n' +
    'INFO  Generated: js/script.js\n' +
    'INFO  Generated: css/style.css\n' +
    'INFO  Generated: fancybox/jquery.fancybox.min.css\n' +
    'INFO  Generated: js/jquery-3.4.1.min.js\n' +
    'INFO  Generated: categories/linux/index.html\n' +
    'INFO  Generated: archives/2020/index.html\n' +
    'INFO  Generated: fancybox/jquery.fancybox.min.js\n' +
    'INFO  Generated: tags/redmine/index.html\n' +
    'INFO  Generated: tags/make/index.html\n' +
    'INFO  Generated: tags/sqlite/index.html\n' +
    'INFO  Generated: tags/smtp/index.html\n' +
    'INFO  Generated: tags/ubuntu/index.html\n' +
    'INFO  Generated: tags/outlook-com/index.html\n' +
    'INFO  Generated: tags/config/index.html\n' +
    'INFO  Generated: tags/build-essential/index.html\n' +
    'INFO  Generated: tags/compile/index.html\n' +
    'INFO  Generated: tags/build/index.html\n' +
    'INFO  Generated: tags/hexo/index.html\n' +
    'INFO  Generated: tags/install/index.html\n' +
    'INFO  Generated: categories/redmine/index.html\n' +
    'INFO  Generated: tags/branch/index.html\n' +
    'INFO  Generated: css/fonts/fontawesome-webfont.woff2\n' +
    'INFO  Generated: archives/2020/03/index.html\n' +
    'INFO  Generated: tags/git/index.html\n' +
    'INFO  Generated: css/images/banner.jpg\n' +
    'INFO  Generated: css/fonts/fontawesome-webfont.woff\n' +
    'INFO  Generated: css/fonts/FontAwesome.otf\n' +
    'INFO  Generated: css/fonts/fontawesome-webfont.svg\n' +
    'INFO  Generated: css/fonts/fontawesome-webfont.eot\n' +
    'INFO  Generated: css/fonts/fontawesome-webfont.ttf\n' +
    'INFO  Generated: 2020/03/08/Synchronize-between-multiple-hexo-bases/index.html\n' +
    'INFO  Generated: 2020/03/13/Install-sqlite3-on-ubuntu-by-compiling-from-source-code/index.html\n' +
    'INFO  Generated: 2020/03/09/Config-redmine-email-smtp-with-outlook-com-mail-service/index.html\n' +
    'INFO  38 files generated in 790 ms\n' +
    'INFO  Deploying: git\n' +
    'INFO  Clearing .deploy_git folder...\n' +
    'INFO  Copying files from public folder...\n' +
    'INFO  Copying files from extend dirs...\n' +
    '[master ca409af] Site updated: 2020-03-13 12:13:27\n' +
    ' 26 files changed, 255 insertions(+), 33 deletions(-)\n' +
    ' create mode 100644 categories/redmine/index.html\n' +
    "Branch 'master' set up to track remote branch 'master' from 'git@github.com:LinhaiShen/linhaishen.github.io.git'.\n" +
    'INFO  Deploy done: git\n',
  stderr: 'To github.com:LinhaiShen/linhaishen.github.io.git\n' +
    '   b8ef606..ca409af  HEAD -> master\n'
}
res null {
  stdout: 'INFO  Deleted database.\n' +
    'INFO  Deleted public folder.\n' +
    'INFO  Start processing\n' +
    'INFO  Files loaded in 469 ms\n' +
    'INFO  Generated: search.xml\n' +
    'INFO  Generated: index.html\n' +
    'INFO  Generated: tags/index.html\n' +
    'INFO  Generated: resume/index.html\n' +
    'INFO  Generated: archives/index.html\n' +
    'INFO  Generated: js/script.js\n' +
    'INFO  Generated: fancybox/jquery.fancybox.min.css\n' +
    'INFO  Generated: tags/hexo/index.html\n' +
    'INFO  Generated: categories/redmine/index.html\n' +
    'INFO  Generated: fancybox/jquery.fancybox.min.js\n' +
    'INFO  Generated: tags/config/index.html\n' +
    'INFO  Generated: archives/2020/index.html\n' +
    'INFO  Generated: tags/redmine/index.html\n' +
    'INFO  Generated: tags/outlook-com/index.html\n' +
    'INFO  Generated: js/jquery-3.4.1.min.js\n' +
    'INFO  Generated: tags/git/index.html\n' +
    'INFO  Generated: tags/ubuntu/index.html\n' +
    'INFO  Generated: tags/sqlite/index.html\n' +
    'INFO  Generated: tags/branch/index.html\n' +
    'INFO  Generated: tags/make/index.html\n' +
    'INFO  Generated: tags/smtp/index.html\n' +
    'INFO  Generated: tags/github/index.html\n' +
    'INFO  Generated: css/style.css\n' +
    'INFO  Generated: tags/build-essential/index.html\n' +
    'INFO  Generated: tags/compile/index.html\n' +
    'INFO  Generated: categories/linux/index.html\n' +
    'INFO  Generated: categories/hexo/index.html\n' +
    'INFO  Generated: css/fonts/fontawesome-webfont.woff2\n' +
    'INFO  Generated: tags/build/index.html\n' +
    'INFO  Generated: tags/install/index.html\n' +
    'INFO  Generated: archives/2020/03/index.html\n' +
    'INFO  Generated: css/fonts/fontawesome-webfont.woff\n' +
    'INFO  Generated: css/fonts/FontAwesome.otf\n' +
    'INFO  Generated: css/fonts/fontawesome-webfont.eot\n' +
    'INFO  Generated: css/images/banner.jpg\n' +
    'INFO  Generated: css/fonts/fontawesome-webfont.ttf\n' +
    'INFO  Generated: css/fonts/fontawesome-webfont.svg\n' +
    'INFO  Generated: 2020/03/08/Synchronize-between-multiple-hexo-bases/index.html\n' +
    'INFO  Generated: 2020/03/09/Config-redmine-email-smtp-with-outlook-com-mail-service/index.html\n' +
    'INFO  Generated: 2020/03/13/Install-sqlite3-on-ubuntu-by-compiling-from-source-code/index.html\n' +
    'INFO  40 files generated in 955 ms\n' +
    'INFO  Deploying: git\n' +
    'INFO  Clearing .deploy_git folder...\n' +
    'INFO  Copying files from public folder...\n' +
    'INFO  Copying files from extend dirs...\n' +
    '[master 7e54b6f] Site updated: 2020-03-13 12:15:21\n' +
    ' 28 files changed, 503 insertions(+), 70 deletions(-)\n' +
    ' create mode 100644 categories/hexo/index.html\n' +
    ' create mode 100644 tags/github/index.html\n' +
    "Branch 'master' set up to track remote branch 'master' from 'git@github.com:LinhaiShen/linhaishen.github.io.git'.\n" +
    'INFO  Deploy done: git\n',
  stderr: 'To github.com:LinhaiShen/linhaishen.github.io.git\n' +
    '   ca409af..7e54b6f  HEAD -> master\n'
}
in pages /ck7lcmiqt000babu8dd0p2gir
in pages /ck7lcmiqt000babu8dd0p2gir
in pages /ck7lcmiqt000babu8dd0p2gir
